  MatrixMult.cpp
C:\Users\User\source\repos\Calculator\Calculator\MatrixMult.cpp(52,40): warning C4267: аргумент: преобразование из "size_t" в "int"; возможна потеря данных
C:\Users\User\source\repos\Calculator\Calculator\MatrixMult.cpp(184,47): warning C4267: аргумент: преобразование из "size_t" в "int"; возможна потеря данных
C:\Users\User\source\repos\Calculator\Calculator\MatrixMult.cpp(189,47): warning C4267: аргумент: преобразование из "size_t" в "int"; возможна потеря данных
C:\Users\User\source\repos\Calculator\Calculator\MatrixMult.cpp(191,83): warning C4267: инициализация: преобразование из "size_t" в "int"; возможна потеря данных
C:\Users\User\source\repos\Calculator\Calculator\MatrixMult.cpp(192,64): warning C4267: инициализация: преобразование из "size_t" в "int"; возможна потеря данных
C:\Users\User\source\repos\Calculator\Calculator\MatrixMult.cpp(194,112): warning C4267: аргумент: преобразование из "size_t" в "int"; возможна потеря данных
C:\Users\User\source\repos\Calculator\Calculator\MatrixMult.cpp(196,71): warning C4267: инициализация: преобразование из "size_t" в "int"; возможна потеря данных
C:\Users\User\source\repos\Calculator\Calculator\MatrixMult.cpp(202,48): warning C4267: аргумент: преобразование из "size_t" в "int"; возможна потеря данных
C:\Users\User\source\repos\Calculator\Calculator\MatrixMult.cpp(207,48): warning C4267: аргумент: преобразование из "size_t" в "int"; возможна потеря данных
C:\Users\User\source\repos\Calculator\Calculator\MatrixMult.cpp(209,75): warning C4267: =: преобразование из "size_t" в "int"; возможна потеря данных
C:\Users\User\source\repos\Calculator\Calculator\MatrixMult.cpp(210,61): warning C4267: =: преобразование из "size_t" в "int"; возможна потеря данных
C:\Users\User\source\repos\Calculator\Calculator\MatrixMult.cpp(212,113): warning C4267: аргумент: преобразование из "size_t" в "int"; возможна потеря данных
C:\Users\User\source\repos\Calculator\Calculator\Matrix.h(15,1): warning C4267: аргумент: преобразование из "size_t" в "int"; возможна потеря данных
C:\Users\User\source\repos\Calculator\Calculator\Matrix.h(13,1): message : во время компиляции функции-члена класс шаблон "Matrix<double>::Matrix(std::vector<std::vector<CEdit *,std::allocator<CEdit *>>,std::allocator<std::vector<CEdit *,std::allocator<CEdit *>>>> &)"
C:\Users\User\source\repos\Calculator\Calculator\MatrixMult.cpp(148,18): message : выполняется компиляция ссылки на экземпляр шаблон функции "Matrix<double>::Matrix(std::vector<std::vector<CEdit *,std::allocator<CEdit *>>,std::allocator<std::vector<CEdit *,std::allocator<CEdit *>>>> &)"
C:\Users\User\source\repos\Calculator\Calculator\MatrixMult.cpp(148,40): message : выполняется компиляция ссылки на экземпляр класс шаблон функции "Matrix<double>"
C:\Users\User\source\repos\Calculator\Calculator\Matrix.h(32,1): warning C4267: аргумент: преобразование из "size_t" в "int"; возможна потеря данных
C:\Users\User\source\repos\Calculator\Calculator\MatrixMult.cpp(153,74): message : выполняется компиляция ссылки на экземпляр шаблон функции "Matrix<double> Matrix<double>::multiply<double>(Matrix<double> &,Matrix<double> &)"
C:\Users\User\source\repos\Calculator\Calculator\MatrixMult.cpp(153,18): message : выполняется компиляция ссылки на экземпляр шаблон функции "Matrix<double> Matrix<double>::multiply<double>(Matrix<double> &,Matrix<double> &)"
C:\Users\User\source\repos\Calculator\Calculator\Matrix.h(21,1): warning C4267: return: преобразование из "size_t" в "int"; возможна потеря данных
C:\Users\User\source\repos\Calculator\Calculator\Matrix.h(20,1): message : во время компиляции функции-члена класс шаблон "int Matrix<double>::size(void)"
C:\Users\User\source\repos\Calculator\Calculator\Matrix.h(32,13): message : выполняется компиляция ссылки на экземпляр шаблон функции "int Matrix<double>::size(void)"
  Calculator.vcxproj -> C:\Users\User\source\repos\Calculator\x64\Debug\Calculator.exe
